0:100  0:100  MemLog inited, TSC freq: 2494229795
0:100  0:000  CPU was calibrated with ACPI PM Timer
0:100  0:000  
0:100  0:000  Now is 9.5.2019,  2:40:49 (GMT)
0:100  0:000  Starting Clover revision: 4920 on Lenovo EFI
0:100  0:000  Build with: [Args: -nb -mc --no-usb -D NO_GRUB_DRIVERS_EMBEDDED | -D DISABLE_USB_SUPPORT -D NO_GRUB_DRIVERS_EMBEDDED -D USE_BIOS_BLOCKIO -D USE_LOW_EBDA -D HAVE_LEGACY_EMURUNTIMEDXE -a X64 -b RELEASE -t XCODE8 -n 5 | OS: 10.13.6 | XCODE: 10.1]
0:100  0:000  SelfDevicePath=PciRoot(0x0)\Pci(0x1F,0x2)\Sata(0x0,0x0,0x0)\HD(1,GPT,D1E21F96-CFD7-46A2-B7D6-7D2B7B09C308,0x28,0x64000) @B39A0698
0:100  0:000  SelfDirPath = \EFI\BOOT
0:100  0:000  === [ Get Smbios ] ========================================
0:104  0:004  Type 16 Index = 0
0:104  0:000  Total Memory Slots Count = 2
0:104  0:000  Type 17 Index = 0
0:104  0:000  SmbiosTable.Type17->Speed = 1600MHz
0:104  0:000  SmbiosTable.Type17->Size = 8192MB
0:104  0:000  SmbiosTable.Type17->Bank/Device = BANK 0 ChannelA-DIMM0
0:104  0:000  SmbiosTable.Type17->Vendor = Samsung
0:104  0:000  SmbiosTable.Type17->SerialNumber = 17E8FC0F
0:104  0:000  SmbiosTable.Type17->PartNumber = M471B1G73QH0-YK0  
0:104  0:000  Type 17 Index = 1
0:104  0:000  SmbiosTable.Type17->Speed = 1600MHz
0:104  0:000  SmbiosTable.Type17->Size = 8192MB
0:104  0:000  SmbiosTable.Type17->Bank/Device = BANK 2 ChannelB-DIMM0
0:104  0:000  SmbiosTable.Type17->Vendor = 1315
0:104  0:000  SmbiosTable.Type17->SerialNumber = E05FBED6
0:104  0:000  SmbiosTable.Type17->PartNumber = CT102464BF160B.M16
0:104  0:000  Boot status=0
0:104  0:000  Running on: '20ANA0BK00' with board '20ANA0BK00'
0:104  0:000  === [ GetCPUProperties ] ==================================
0:104  0:000  CPU Vendor = 756E6547 Model=306C3
0:104  0:000   The CPU supported SSE4.1
0:104  0:000  BrandString = Intel(R) Core(TM) i7-4710MQ CPU @ 2.50GHz
0:104  0:000   The CPU supported turbo
0:104  0:000  MSR 0x35               40008
0:104  0:000  MSR 0xE2 before patch 1E008405
0:104  0:000  MSR 0xE2 is locked, PM patches will be turned on
0:104  0:000  MSR 0xCE              00080838_F3011900
0:104  0:000  corrected FLEX_RATIO = 40000
0:104  0:000  MSR 0x1B0             00000000
0:104  0:000  FSBFrequency = 100 MHz, DMI FSBFrequency = 100 MHz, Corrected FSBFrequency = 100 MHz
0:104  0:000  MaxDiv/MinDiv: 25.0/8
0:104  0:000  Turbo: 33/33/34/35
0:104  0:000  Features: 0xBFEBFBFF
0:104  0:000  Threads: 8
0:104  0:000  Cores: 4
0:104  0:000  FSB: 100 MHz
0:104  0:000  CPU: 2500 MHz
0:104  0:000  TSC: 2500 MHz
0:104  0:000  PIS: 100 MHz
0:104  0:000  ExternalClock: 25 MHz
0:104  0:000  === [ GetDevices ] ========================================
0:104  0:000  PCI (00|00:14.00) : 8086 8C31 class=0C0330
0:104  0:000  PCI (00|00:1C.01) : 8086 8C12 class=060400
0:104  0:000  PCI (00|04:00.00) : 14E4 43B1 class=028000
0:104  0:000   - WIFI: Vendor=Broadcom
0:104  0:000  PCI (00|00:02.00) : 8086 0416 class=030000
0:104  0:000   - GFX: Model=Intel HD Graphics 4600 (Intel)
0:104  0:000  PCI (00|00:1D.00) : 8086 8C26 class=0C0320
0:104  0:000  PCI (00|00:1A.00) : 8086 8C2D class=0C0320
0:104  0:000  PCI (00|00:1F.00) : 8086 8C4F class=060100
0:104  0:000  PCI (00|00:01.00) : 8086 0C01 class=060400
0:104  0:000  PCI (00|00:03.00) : 8086 0C0C class=040300
0:104  0:000  PCI (00|00:1C.00) : 8086 8C10 class=060400
0:104  0:000  PCI (00|00:1F.02) : 8086 8C03 class=010601
0:104  0:000  PCI (00|00:00.00) : 8086 0C04 class=060000
0:104  0:000  PCI (00|00:01.01) : 8086 0C05 class=060400
0:104  0:000  PCI (00|02:00.00) : 10DE 1290 class=030000
0:104  0:000   - GFX: Model=GeForce GT 730M family 3FF (unknown)
0:104  0:000  PCI (00|00:16.00) : 8086 8C3A class=078000
0:104  0:000  PCI (00|00:16.01) : FFFF FFFF class=FFFFFF
0:104  0:000  PCI (00|00:19.00) : 8086 153A class=020000
0:104  0:000   - LAN: 0 Vendor=Intel
0:104  0:000  PCI (00|00:1B.00) : 8086 8C20 class=040300
0:104  0:000  PCI (00|03:00.00) : 10EC 5227 class=FF0000
0:104  0:000  PCI (00|00:1F.03) : 8086 8C22 class=0C0500
0:104  0:000  PCI (00|00:1F.06) : FFFF FFFF class=FFFFFF
0:104  0:000  === [ GetDefaultSettings ] ================================
0:105  0:000  Clover load options size = 0 bytes
0:106  0:001  EFI\CLOVER\config.plist loaded: Success
0:110  0:004  === [ GetListOfThemes ] ===================================
0:110  0:000  - [00]: random
0:111  0:000  - [00]: embedded
0:111  0:000  - [00]: Mojave
0:113  0:001  - [01]: Beauty
0:114  0:001  - [02]: Material
0:115  0:001  === [ Found config plists ] ===============================
0:115  0:000  - config.plist
0:115  0:000  === [ GetEarlyUserSettings ] ==============================
0:115  0:000  timeout set to 5
0:115  0:000  Custom boot CUSTOM_BOOT_DISABLED (0x0)
0:115  0:000  ForceKextsToLoad: 1 requested
0:115  0:000   - [0]: System\Library\Extensions\IONetworkingFamily.kext
0:115  0:000  KextsToPatch: 10 requested
0:115  0:000   - [00]: com.apple.driver.AppleIntelFramebufferAzul (Enable 9MB cursor bytes, 0x0a260006) :: BinPatch :: data len: 20
0:115  0:000   - [01]: com.apple.driver.AppleIntelFramebufferAzul (Enable 128MB DVMT-prealloc, 48MB framebuffer, 48MB cursor bytes, 0x0a260006) :: BinPatch :: data len: 20
0:115  0:000   - patch disabled at config
0:115  0:000   - [02]: com.apple.driver.AppleIntelFramebufferAzul (MiniDP-audio, port 0105(12), 0x0a260006) :: BinPatch :: data len: 12
0:115  0:000   - [03]: com.apple.iokit.IOAHCIBlockStorage (Enable TRIM for SSD (Use only with HFS+J)) :: BinPatch :: data len: 11
0:115  0:000   - patch disabled at config
0:115  0:000   - [04]: com.apple.driver.AppleBacklight (change F%uT%04x to F%uTxxxx in AppleBacklightInjector.kext (credit RehabMan)) :: BinPatch :: data len: 9
0:115  0:000   - [05]: AppleHDA (Zeroing 885 Codec) :: BinPatch :: data len: 4
0:115  0:000   - [06]: AppleHDA (Zeroing 884 Codec) :: BinPatch :: data len: 4
0:115  0:000   - [07]: AppleHDA (Patching 1984 with 10ec0292 Codec) :: BinPatch :: data len: 4
0:115  0:000   - [08]: AppleHDA (Zeroing 1983 Codec) :: BinPatch :: data len: 4
0:115  0:000   - [09]:  IOGraphicsFamily (10.13+-第二阶段花屏) :: MatchOS: 10.13.x :: BinPatch :: data len: 5
0:115  0:000  KernelToPatch: 1 requested
0:115  0:000   - [00]: MSR 0xE2 _xcpm_idle instant reboot(c) Pike R. Alpha :: MatchOS: 10.12.x,10.11.x :: data len: 8
0:115  0:000  Default theme: Mojave
0:115  0:000  Hiding entries with string Preboot
0:115  0:000   Custom EDID is ok
0:115  0:000  === [ LoadDrivers ] =======================================
0:116  0:000  Loading HFSPlus.efi  status=Success
0:116  0:000   - driver needs connecting
0:116  0:000  Loading ApfsDriverLoader-64.efi  status=Success
0:117  0:000   - driver needs connecting
0:117  0:000  Loading DataHubDxe-64.efi  status=Success
0:140  0:023  Loading FSInject-64.efi  status=Success
0:141  0:000  Loading SMCHelper-64.efi  status=Success
0:141  0:000  Loading AptioMemoryFix-64.efi  status=Success
0:142  0:000  Loading AudioDxe-64.efi  status=Success
0:143  0:000   - driver needs connecting
0:143  0:000  3 drivers needs connecting ...
0:143  0:000  PlatformDriverOverrideProtocol not found. Installing ... Success
0:143  0:000  HFS+ driver loaded
0:143  0:000  APFS driver loaded
0:143  0:000  Searching for invalid DiskIo BY_DRIVER connects: not found, all ok
9:845  9:701  === [ InitScreen ] ========================================
9:845  0:000  Console modes reported: 7, available modes:
9:845  0:000   - [01]: 80x25
9:845  0:000   - [02]: 80x50
9:845  0:000   - [03]: 240x56 (current mode)
9:845  0:000   - [04]: 80x25
9:845  0:000   - [05]: 100x31
9:845  0:000   - [06]: 128x40
9:845  0:000   - [07]: 160x53
9:845  0:000  SetMaxResolution: found best mode 0: 1920x1080
9:845  0:000   - already set
9:845  0:000  SetScreenResolution: 1920x1080 - already set
9:886  0:041  reinit: self device path=PciRoot(0x0)\Pci(0x1F,0x2)\Sata(0x0,0x0,0x0)\HD(1,GPT,D1E21F96-CFD7-46A2-B7D6-7D2B7B09C308,0x28,0x64000)
9:887  0:000  Using embedded font: Success
9:888  0:000  === [ GetMacAddress ] =====================================
9:888  0:000  MAC address of LAN #0= 28:D2:44:F8:38:5E:
9:888  0:000  MAC address of LAN #1= 28:D2:44:F8:38:5E:
9:888  0:000  MAC address of LAN #2= 28:D2:44:F8:38:5E:
9:888  0:000  === [ ScanSPD ] ===========================================
9:888  0:000  Scanning SMBus [8086:8C22], mmio: 0xF1838004, ioport: 0xEFA0, hostc: 0x11
9:907  0:018  Slot: 0 Type 24 8192MB 1600MHz Vendor=Samsung PartNo=M471B1G73QH0-YK0 SerialNo=01070E080F0C000F
9:926  0:019  Slot: 1 Type 24 8192MB 1600MHz Vendor=Crucial Technology PartNo=CT102464BF160B.M16FP SerialNo=0E00050F0B0E0D06
9:927  0:000  === [ GetAcpiTablesList ] =================================
9:935  0:008  Get Acpi Tables List from RSDT:
9:935  0:000   - [00]: FACP  TP-GL    len=116
9:935  0:000   - [01]: DBGP  TP-GL    len=52
9:935  0:000   - [02]: ECDT  TP-GL    len=82
9:935  0:000   - [03]: HPET  TP-GL    len=56
9:935  0:000   - [04]: APIC  TP-GL    len=152
9:935  0:000   - [05]: MCFG  TP-GL    len=60
9:935  0:000   - [06]: SSDT  TP-SSDT1 len=51
9:935  0:000   - [07]: SSDT  TP-SSDT2 len=1158
9:935  0:000   - [08]: SSDT  SataAhci len=2933
9:935  0:000   - [09]: SSDT  Cpu0Ist len=1903
9:935  0:000   - [10]: SSDT  CpuPm len=2776
9:935  0:000   - [11]: SSDT  SaSsdt  len=4700
9:935  0:000   - [12]: SSDT  CppcTabl len=889
9:935  0:000   - [13]: PCCT  TP-GL    len=110
9:935  0:000   - [14]: SSDT  Cpc_Tabl len=2756
9:935  0:000   - [15]: UEFI  TP-GL    len=66
9:935  0:000   - [16]: POAT  TP-GL    len=85
9:935  0:000   - [17]: ASF!  TP-GL    len=165
9:935  0:000   - [18]: BATB  TP-GL    len=70
9:935  0:000   - [19]: FPDT  TP-GL    len=100
9:935  0:000   - [20]: UEFI  TP-GL    len=738
9:935  0:000   - [21]: BGRT  TP-GL    len=56
9:935  0:000  Calibrated TSC Frequency = 2494229795 = 2494MHz
9:935  0:000  === [ GetUserSettings ] ===================================
9:935  0:000   Custom EDID is ok
9:935  0:000  Can't install EdidOverride on ImageHandle
9:935  0:000  Add 1 properties:
9:935  0:000   - [00]: IntelGFX Key: hda-gfx, len: 10
9:935  0:000  USB FixOwnership: yes
9:935  0:000  Dropping 2 tables:
9:935  0:000   - [00]: Drop table  signature="#MCF" (46434D23)
9:935  0:000           - set table: 46434D23,                0 to drop: no
9:935  0:000   - [01]: Drop table  signature="DMAR" (52414D44)
9:935  0:000           - set table: 52414D44,                0 to drop: no
9:935  0:000   - final DSDT Fix mask=40060050
9:935  0:000  PatchesDSDT: 27 requested
9:935  0:000   - [00]: (Change _OSI to XOSI) lenToFind: 4, lenToReplace: 4, Target Bridge: <null string>
9:935  0:000   - [01]: (Change _DSM to XDSM) lenToFind: 4, lenToReplace: 4, Target Bridge: <null string>
9:935  0:000   - [02]: (Change XHCI to XHC) lenToFind: 4, lenToReplace: 4, Target Bridge: <null string>
9:935  0:000   - [03]: (Change EHC1 to EH01) lenToFind: 4, lenToReplace: 4, Target Bridge: <null string>
9:935  0:000   - [04]: (Change EHC2 to EH02) lenToFind: 4, lenToReplace: 4, Target Bridge: <null string>
9:935  0:000   - [05]: (Change SAT1 to SATA) lenToFind: 4, lenToReplace: 4, Target Bridge: <null string>
9:935  0:000   - [06]: (Change B0D3 to HDAU) lenToFind: 4, lenToReplace: 4, Target Bridge: <null string>
9:935  0:000   - [07]: (Change PCI0.VID to IGPU #1 (Thinkpad)) lenToFind: 8, lenToReplace: 8, Target Bridge: <null string>
9:935  0:000   - [08]: (Change PCI0.VID to IGPU #2 (Thinkpad)) lenToFind: 14, lenToReplace: 14, Target Bridge: <null string>
9:935  0:000   - [09]: (Change Method(_PTS,1,N) to ZPTS) lenToFind: 5, lenToReplace: 5, Target Bridge: <null string>
9:935  0:000   - [10]: (Change Method(_WAK,1,N) to ZWAK) lenToFind: 5, lenToReplace: 5, Target Bridge: <null string>
9:935  0:000   - [11]: (Change Method(ESEL,0,S) to ESEZ) lenToFind: 5, lenToReplace: 5, Target Bridge: <null string>
9:935  0:000   - [12]: (Change Method(_RMV,0,N) to XRMV) lenToFind: 5, lenToReplace: 5, Target Bridge: <null string>
9:935  0:000   - [13]: (Change Method(GBIF,3,N) to XBIF) lenToFind: 5, lenToReplace: 5, Target Bridge: <null string>
9:935  0:000   - [14]: (Change Method(GBST,4,N) to XBST) lenToFind: 5, lenToReplace: 5, Target Bridge: <null string>
9:935  0:000   - [15]: (Change Method(L1D,0,N) to XL1D) lenToFind: 4, lenToReplace: 4, Target Bridge: <null string>
9:935  0:000   - [16]: (Change Method(_Q15,0,N) to XQ15) lenToFind: 5, lenToReplace: 5, Target Bridge: <null string>
9:935  0:000   - [17]: (Change Method(_Q14,0,N) to XQ14) lenToFind: 5, lenToReplace: 5, Target Bridge: <null string>
9:935  0:000   - [18]: (Change Method(_Q6A,0,N) to XQ28) lenToFind: 5, lenToReplace: 5, Target Bridge: <null string>
9:935  0:000   - [19]: (Change Method(_Q16,0,N) to XQ19) lenToFind: 5, lenToReplace: 5, Target Bridge: <null string>
9:935  0:000   - [20]: (Change Method(_Q64,0,N) to XQ2A) lenToFind: 5, lenToReplace: 5, Target Bridge: <null string>
9:935  0:000   - [21]: (Change Method(_Q66,0,N) to XQ66) lenToFind: 5, lenToReplace: 5, Target Bridge: <null string>
9:935  0:000   - [22]: (Change Method(_Q67,0,N) to XQ67) lenToFind: 5, lenToReplace: 5, Target Bridge: <null string>
9:935  0:000   - [23]: (Change Method(_Q68,0,N) to XQ68) lenToFind: 5, lenToReplace: 5, Target Bridge: <null string>
9:935  0:000   - [24]: (Change Method(_Q69,0,N) to XQ69) lenToFind: 5, lenToReplace: 5, Target Bridge: <null string>
9:935  0:000   - [25]: (Instant Wake Fix 1(_PRW 0x0d, 0x03) to (0x0d, 0x00)) lenToFind: 8, lenToReplace: 8, Target Bridge: <null string>
9:935  0:000   - [26]: (Instant Wake Fix 2(_PRW 0x0d, 0x04) to (0x0d, 0x00)) lenToFind: 7, lenToReplace: 7, Target Bridge: <null string>
9:935  0:000  Using ProductName from config: MacBookPro11,1
9:935  0:000  BiosVersion: not set, Using BiosVersion from clover
9:935  0:000  BiosVersion: MBP111.88Z.F000.B00.1902141640
9:935  0:000  BiosReleaseDate: 02/14/2019
9:935  0:000  Using EfiVersion from clover: 151.0.0.0.0
9:935  0:000  Using FirmwareFeatures from clover: 0xE80FE137
9:935  0:000  Using FirmwareFeaturesMask from clover: 0xFF1FFF3F
9:935  0:000  Using PlatformFeature from clover: 0x2
9:936  0:000  === [ Found DSDT tables ] =================================
9:958  0:022  === [ ScanVolumes ] =======================================
9:958  0:000  Found 13 volumes with blockIO
9:958  0:000  - [00]: Volume: PciRoot(0x0)\Pci(0x1F,0x2)\Sata(0x0,0x0,0x0)
9:958  0:000  - [01]: Volume: PciRoot(0x0)\Pci(0x1F,0x2)\Sata(0x1,0x0,0x0)
9:958  0:000  - [02]: Volume: PciRoot(0x0)\Pci(0x1F,0x2)\Sata(0x5,0x0,0x0)
9:958  0:000  - [03]: Volume: PciRoot(0x0)\Pci(0x1F,0x2)\Sata(0x1,0x0,0x0)\HD(1,GPT,97C48EC4-C039-441B-9E3A-381A0E58E912,0x800,0x8000)
9:959  0:000  - [04]: Volume: PciRoot(0x0)\Pci(0x1F,0x2)\Sata(0x1,0x0,0x0)\HD(2,GPT,8F340D8C-5C43-471B-B1ED-C2BB67F33439,0x8800,0xDF8C000)
9:959  0:000          Result of bootcode detection: bootable Windows (vista,win)
9:959  0:000  - [05]: Volume: PciRoot(0x0)\Pci(0x1F,0x2)\Sata(0x5,0x0,0x0)\HD(1,GPT,107E185D-BCFC-4AF1-85A6-5B188E6214AC,0x28,0x64000)
9:959  0:000          Result of bootcode detection: bootable unknown (legacy)
10:677  0:718  - [06]: Volume: PciRoot(0x0)\Pci(0x1F,0x2)\Sata(0x5,0x0,0x0)\HD(2,GPT,56188469-9F7C-4B36-BAD9-1499F8FF74C0,0x64800,0x746A2000)
10:677  0:000          Result of bootcode detection: bootable unknown (legacy)
10:677  0:000  - [07]: Volume: PciRoot(0x0)\Pci(0x1F,0x2)\Sata(0x0,0x0,0x0)\HD(1,GPT,D1E21F96-CFD7-46A2-B7D6-7D2B7B09C308,0x28,0x64000)
10:678  0:000          Result of bootcode detection: bootable unknown (legacy)
10:678  0:000          This is SelfVolume !!
10:678  0:000  - [08]: Volume: PciRoot(0x0)\Pci(0x1F,0x2)\Sata(0x0,0x0,0x0)\HD(2,GPT,66D58553-8E01-4BD8-9D2D-D1141D32092D,0x64800,0x1DC8EA88)
10:678  0:000          Result of bootcode detection: bootable unknown (legacy)
10:678  0:000  - [09]: Volume: PciRoot(0x0)\Pci(0x1F,0x2)\Sata(0x0,0x0,0x0)\HD(2,GPT,66D58553-8E01-4BD8-9D2D-D1141D32092D,0x64800,0x1DC8EA88)\VenMedia(BE74FCF7-0B7C-49F3-9147-01F4042E6842,C153575A88522F4D85AFF834C23D2176)
10:678  0:000          hiding this volume
10:678  0:000  - [10]: Volume: PciRoot(0x0)\Pci(0x1F,0x2)\Sata(0x0,0x0,0x0)\HD(2,GPT,66D58553-8E01-4BD8-9D2D-D1141D32092D,0x64800,0x1DC8EA88)\VenMedia(BE74FCF7-0B7C-49F3-9147-01F4042E6842,008E9ED9EB08A445BCEE41540713F558)
10:678  0:000  - [11]: Volume: PciRoot(0x0)\Pci(0x1F,0x2)\Sata(0x0,0x0,0x0)\HD(2,GPT,66D58553-8E01-4BD8-9D2D-D1141D32092D,0x64800,0x1DC8EA88)\VenMedia(BE74FCF7-0B7C-49F3-9147-01F4042E6842,88AE9EC392DE1D499BFDC0074EB6DC38)
10:678  0:000  - [12]: Volume: PciRoot(0x0)\Pci(0x1F,0x2)\Sata(0x0,0x0,0x0)\HD(2,GPT,66D58553-8E01-4BD8-9D2D-D1141D32092D,0x64800,0x1DC8EA88)\VenMedia(BE74FCF7-0B7C-49F3-9147-01F4042E6842,6BD4C38DA36B344E955FE7BEBAD3F634)
10:678  0:000  found 2 handles with audio
10:678  0:000  No AudioIoDevice stored
10:678  0:000  no stored audio parameters
10:678  0:000  === [ InitTheme ] =========================================
10:678  0:000  use night theme
10:681  0:002  Using theme 'Mojave' (EFI\CLOVER\themes\Mojave)
10:681  0:000  theme Mojave defined in NVRAM found and theme.plist parsed
10:681  0:000  OS main and drive as badge
10:681  0:000  file sound read: sound_night.wav Not Found
10:681  0:000  file sound read: sound.wav Not Found
10:682  0:001  Loading font from ThemeDir: Success
10:683  0:000  theme inited
10:683  0:000  Chosen theme Mojave
10:683  0:000  after NVRAM boot-args=dart=0 nv_disable=1 kext-dev-mode=1
10:683  0:000  === [ Dump SMC keys from NVRAM ] ==========================
10:683  0:000  found AppleSMC protocol
10:725  0:041  Registered 17 SMC keys
10:726  0:001  === [ AddCustomEntries ] ==================================
10:726  0:000  Custom entry 0 Title:"Recovery" Path:"\com.apple.recovery.boot\boot.efi" Type:10 Flags:0x6 matching all volumes
10:726  0:000      Checking volume "EFI" (PciRoot(0x0)\Pci(0x1F,0x2)\Sata(0x5,0x0,0x0)\HD(1,GPT,107E185D-BCFC-4AF1-85A6-5B188E6214AC,0x28,0x64000)) ... skipped because path does not exist
10:726  0:000      Checking volume "EFI" (PciRoot(0x0)\Pci(0x1F,0x2)\Sata(0x0,0x0,0x0)\HD(1,GPT,D1E21F96-CFD7-46A2-B7D6-7D2B7B09C308,0x28,0x64000)) ... skipped because path does not exist
10:726  0:000      Checking volume "Preboot" (PciRoot(0x0)\Pci(0x1F,0x2)\Sata(0x0,0x0,0x0)\HD(2,GPT,66D58553-8E01-4BD8-9D2D-D1141D32092D,0x64800,0x1DC8EA88)\VenMedia(BE74FCF7-0B7C-49F3-9147-01F4042E6842,C153575A88522F4D85AFF834C23D2176)) ... skipped because volume is hidden
10:726  0:000      Checking volume "UNTITLED" (PciRoot(0x0)\Pci(0x1F,0x2)\Sata(0x0,0x0,0x0)\HD(2,GPT,66D58553-8E01-4BD8-9D2D-D1141D32092D,0x64800,0x1DC8EA88)\VenMedia(BE74FCF7-0B7C-49F3-9147-01F4042E6842,008E9ED9EB08A445BCEE41540713F558)) ... skipped because path does not exist
10:727  0:000      Checking volume "Recovery" (PciRoot(0x0)\Pci(0x1F,0x2)\Sata(0x0,0x0,0x0)\HD(2,GPT,66D58553-8E01-4BD8-9D2D-D1141D32092D,0x64800,0x1DC8EA88)\VenMedia(BE74FCF7-0B7C-49F3-9147-01F4042E6842,88AE9EC392DE1D499BFDC0074EB6DC38)) ... skipped because path does not exist
10:727  0:000      Checking volume "VM" (PciRoot(0x0)\Pci(0x1F,0x2)\Sata(0x0,0x0,0x0)\HD(2,GPT,66D58553-8E01-4BD8-9D2D-D1141D32092D,0x64800,0x1DC8EA88)\VenMedia(BE74FCF7-0B7C-49F3-9147-01F4042E6842,6BD4C38DA36B344E955FE7BEBAD3F634)) ... skipped because path does not exist
10:727  0:000  Custom entry 1 Title:"Windows" Path:"\EFI\Microsoft\Boot\bootmgfw.efi" Options:"-s -h" Type:7 Flags:0x0 matching all volumes
10:727  0:000      Checking volume "EFI" (PciRoot(0x0)\Pci(0x1F,0x2)\Sata(0x5,0x0,0x0)\HD(1,GPT,107E185D-BCFC-4AF1-85A6-5B188E6214AC,0x28,0x64000)) ... match!
10:807  0:080  Custom settings: <null string>.plist will  be applied
10:807  0:000      Checking volume "EFI" (PciRoot(0x0)\Pci(0x1F,0x2)\Sata(0x0,0x0,0x0)\HD(1,GPT,D1E21F96-CFD7-46A2-B7D6-7D2B7B09C308,0x28,0x64000)) ... skipped because path does not exist
10:807  0:000      Checking volume "Preboot" (PciRoot(0x0)\Pci(0x1F,0x2)\Sata(0x0,0x0,0x0)\HD(2,GPT,66D58553-8E01-4BD8-9D2D-D1141D32092D,0x64800,0x1DC8EA88)\VenMedia(BE74FCF7-0B7C-49F3-9147-01F4042E6842,C153575A88522F4D85AFF834C23D2176)) ... skipped because volume is hidden
10:807  0:000      Checking volume "UNTITLED" (PciRoot(0x0)\Pci(0x1F,0x2)\Sata(0x0,0x0,0x0)\HD(2,GPT,66D58553-8E01-4BD8-9D2D-D1141D32092D,0x64800,0x1DC8EA88)\VenMedia(BE74FCF7-0B7C-49F3-9147-01F4042E6842,008E9ED9EB08A445BCEE41540713F558)) ... skipped because path does not exist
10:807  0:000      Checking volume "Recovery" (PciRoot(0x0)\Pci(0x1F,0x2)\Sata(0x0,0x0,0x0)\HD(2,GPT,66D58553-8E01-4BD8-9D2D-D1141D32092D,0x64800,0x1DC8EA88)\VenMedia(BE74FCF7-0B7C-49F3-9147-01F4042E6842,88AE9EC392DE1D499BFDC0074EB6DC38)) ... skipped because path does not exist
10:808  0:000      Checking volume "VM" (PciRoot(0x0)\Pci(0x1F,0x2)\Sata(0x0,0x0,0x0)\HD(2,GPT,66D58553-8E01-4BD8-9D2D-D1141D32092D,0x64800,0x1DC8EA88)\VenMedia(BE74FCF7-0B7C-49F3-9147-01F4042E6842,6BD4C38DA36B344E955FE7BEBAD3F634)) ... skipped because path does not exist
10:808  0:000  === [ ScanLoader ] ========================================
10:808  0:000  - [05]: 'EFI'
10:811  0:003          AddLoaderEntry for Volume Name=EFI
10:811  0:000       skipped because path `PciRoot(0x0)\Pci(0x1F,0x2)\Sata(0x5,0x0,0x0)\HD(1,GPT,107E185D-BCFC-4AF1-85A6-5B188E6214AC,0x28,0x64000)\EFI\microsoft\Boot\bootmgfw.efii` already exists for another entry!
10:829  0:018          AddLoaderEntry for Volume Name=EFI
10:829  0:000          skipped because entry is hidden
10:829  0:000  - [07]: 'EFI'
10:844  0:015          AddLoaderEntry for Volume Name=EFI
10:844  0:000          skipped because entry is hidden
10:844  0:000  - [09]: 'Preboot', hidden
10:844  0:000  - [10]: 'UNTITLED'
10:868  0:023          AddLoaderEntry for Volume Name=UNTITLED
10:873  0:005      hibernated: set as never
10:898  0:024  - [11]: 'Recovery'
10:900  0:001          AddLoaderEntry for Volume Name=Recovery
10:921  0:021  - [12]: 'VM'
10:936  0:015  === [ AddCustomTool ] =====================================
10:937  0:000  found tool \EFI\CLOVER\tools\Shell64U.efi
10:937  0:000  Checking EFI partition Volume 5 for Clover
10:937  0:000  Checking EFI partition Volume 7 for Clover
10:937  0:000   Found Clover
10:938  0:001  === [ GetEfiBootDeviceFromNvram ] =========================
10:939  0:000   - efi-boot-device-data: PciRoot(0x0)\Pci(0x1F,0x2)\Sata(0x0,0x0,0x0)\HD(2,GPT,66D58553-8E01-4BD8-9D2D-D1141D32092D,0x64800,0x1DC8EA88)\VenMedia(BE74FCF7-0B7C-49F3-9147-01F4042E6842,C153575A88522F4D85AFF834C23D2176)\D99E8E00-08EB-45A4-BCEE-41540713F558\System\Library\CoreServices\boot.efii
10:939  0:000    - Volume: 'PciRoot(0x0)\Pci(0x1F,0x2)\Sata(0x0,0x0,0x0)\HD(2,GPT,66D58553-8E01-4BD8-9D2D-D1141D32092D,0x64800,0x1DC8EA88)\VenMedia(BE74FCF7-0B7C-49F3-9147-01F4042E6842,C153575A88522F4D85AFF834C23D2176)'
10:939  0:000    - LoaderPath: '\D99E8E00-08EB-45A4-BCEE-41540713F558\System\Library\CoreServices\boot.efi'
10:939  0:000    - Guid = 66D58553-8E01-4BD8-9D2D-D1141D32092D
10:939  0:000  === [ FindStartupDiskVolume ] =============================
10:939  0:000    - Volume: partition = PciRoot(0x0)\Pci(0x1F,0x2)\Sata(0x0,0x0,0x0)\HD(2,GPT,66D58553-8E01-4BD8-9D2D-D1141D32092D,0x64800,0x1DC8EA88)\VenMedia(BE74FCF7-0B7C-49F3-9147-01F4042E6842,C153575A88522F4D85AFF834C23D2176)
10:939  0:000     - searching for that partition and loader '\D99E8E00-08EB-45A4-BCEE-41540713F558\System\Library\CoreServices\boot.efi'
10:939  0:000      - [!] not found
10:939  0:000     - searching again, but comparing Media dev path nodes
10:939  0:000      - [!] not found
10:939  0:000     - searching for that partition
10:939  0:000      - [!] not found
10:939  0:000     - searching again, but comparing Media dev path nodes
10:939  0:000      - found entry 1. 'Boot macOS from UNTITLED', Volume 'UNTITLED'
10:939  0:000  Boot redirected to Entry 1. 'Boot macOS from UNTITLED'
10:939  0:000  DefaultIndex=1 and MainMenu.EntryCount=9
13:308  2:368  GUI ready
15:143  1:834  ParseBootOption: invalid boot variable
15:143  0:000  BootVariable of the entry is empty
15:143  0:000  === [ StartLoader ] =======================================
15:143  0:000  Finally: ExternalClock=25MHz BusSpeed=99770kHz CPUFreq=2494MHz PIS: hw.busfrequency=100000000Hz
15:143  0:000  Loading boot.efi  status=Success
15:189  0:046  GetOSVersion: 10.14.4 (18E226)
15:189  0:000  CSR_CFG: CSR_ALLOW_UNTRUSTED_KEXTS | CSR_ALLOW_UNRESTRICTED_FS | CSR_ALLOW_TASK_FOR_PID | CSR_ALLOW_UNRESTRICTED_DTRACE | CSR_ALLOW_UNRESTRICTED_NVRAM
15:189  0:000  Filtering KextPatches:
15:189  0:000   - [00]: com.apple.driver.AppleIntelFramebufferAzul (Enable 9MB cursor bytes, 0x0a260006) :: BinPatch :: [OS: 10.14.4 | MatchOS: All | MatchBuild: All] ==> allowed
15:189  0:000   - [01]: com.apple.driver.AppleIntelFramebufferAzul (Enable 128MB DVMT-prealloc, 48MB framebuffer, 48MB cursor bytes, 0x0a260006) :: BinPatch :: [OS: 10.14.4 | MatchOS: All | MatchBuild: All] ==> disabled by user
15:189  0:000   - [02]: com.apple.driver.AppleIntelFramebufferAzul (MiniDP-audio, port 0105(12), 0x0a260006) :: BinPatch :: [OS: 10.14.4 | MatchOS: All | MatchBuild: All] ==> allowed
15:189  0:000   - [03]: com.apple.iokit.IOAHCIBlockStorage (Enable TRIM for SSD (Use only with HFS+J)) :: BinPatch :: [OS: 10.14.4 | MatchOS: All | MatchBuild: All] ==> disabled by user
15:189  0:000   - [04]: com.apple.driver.AppleBacklight (change F%uT%04x to F%uTxxxx in AppleBacklightInjector.kext (credit RehabMan)) :: BinPatch :: [OS: 10.14.4 | MatchOS: All | MatchBuild: All] ==> allowed
15:189  0:000   - [05]: AppleHDA (Zeroing 885 Codec) :: BinPatch :: [OS: 10.14.4 | MatchOS: All | MatchBuild: All] ==> allowed
15:189  0:000   - [06]: AppleHDA (Zeroing 884 Codec) :: BinPatch :: [OS: 10.14.4 | MatchOS: All | MatchBuild: All] ==> allowed
15:189  0:000   - [07]: AppleHDA (Patching 1984 with 10ec0292 Codec) :: BinPatch :: [OS: 10.14.4 | MatchOS: All | MatchBuild: All] ==> allowed
15:189  0:000   - [08]: AppleHDA (Zeroing 1983 Codec) :: BinPatch :: [OS: 10.14.4 | MatchOS: All | MatchBuild: All] ==> allowed
15:189  0:000   - [09]:  IOGraphicsFamily (10.13+-第二阶段花屏) :: BinPatch :: [OS: 10.14.4 | MatchOS: 10.13.x | MatchBuild: All] ==> not allowed
15:189  0:000  Filtering KernelPatches:
15:189  0:000   - [00]: MSR 0xE2 _xcpm_idle instant reboot(c) Pike R. Alpha :: [OS: 10.14.4 | MatchOS: 10.12.x,10.11.x | MatchBuild: no] ==> not allowed by OS
15:189  0:000  Will not patch boot.efi
15:189  0:000  === [ PatchSmbios ] =======================================
15:189  0:000  insert table 9 for dev 0:0
15:189  0:000  insert table 9 for dev 19:0
15:189  0:000  insert table 9 for dev 0:0
15:190  0:000  Trusting SMBIOS...
15:190  0:000  Channels: 1
15:190  0:000  Interleave: 0 1 2 3 4 5 6 7 8 9 10 11 12 13 14 15 16 17 18 19 20 21 22 23
15:190  0:000   partNum=M471B1G73QH0-YK0  
15:190  0:000  SMBIOS Type 17 Index = 0 => 0 0:
15:190  0:000  BANK 0 DIMM0 1600MHz 8192MB
15:190  0:000   partNum=CT102464BF160B.M16
15:190  0:000  SMBIOS Type 17 Index = 1 => 1 1:
15:190  0:000  BANK 0 DIMM1 1600MHz 8192MB
15:190  0:000  mTotalSystemMemory = 16384
15:190  0:000  NumberOfMemoryDevices = 2
15:190  0:000  Table 131 is present, CPUType=1
15:190  0:000  Change to: 705
15:190  0:000  Table 133 is present, PlatformFeature=4F484B01
15:190  0:000  Change to: 2
15:190  0:000  === [ PatchACPI ] =========================================
15:190  0:000  Xsdt reallocation done
15:190  0:000  old FADT length=10C
15:190  0:000   SignatureFixup: 0x3440 -> 0x0
15:190  0:000  Apply DsdtFixMask=0x40060050
15:190  0:000     drop _DSM mask=0xFFFF
15:190  0:000  === [ FixBiosDsdt ] =======================================
15:190  0:000  Patching DSDT:
15:190  0:000   - [Change _OSI to XOSI]: pattern 5F4F5349, patched at: [ (CFA) (4) (31) (25) (25) (21) (21) (21) (21) (21) (1A) ]
15:190  0:000   - [Change _DSM to XDSM]: pattern 5F44534D, patched at: [ (41BB) (2DFA) (DC2) (271) (271) (2A4) ]
15:190  0:000   - [Change XHCI to XHC]: pattern 58484349, patched at: [ (94F) (20B5) (11) (5D62) (197) (8B) (4) (16) (4) (C8) (21) (1E) (1E) (1E) (1E) (1E) (1E) (8F) (15) (11) (15) (10) (17) (8C) (19) (1F) (11) (11) (1A) (17) (12) (10) (11) (15) (10) (17) (4E) (19) (1F) (11) (11) (71) (9B) (9B) (9B) (9B) (9B) (9B) (127) (9D) (9D) (9D) (DB) (9D) (9D) (A7) (B0) (B0) (B0) (69) (F7) (18C) (12) (41) (12) (4C) (12) (41) (12) (4C) (12) (41) (12) (4C) (12) (41) (12) (4C) (12) (41) (12) (4C) (12) (41) (12) (4C) (12) (41) (12) (4C) (12) (41) (12) (15C) (12) (42) (12) (4D) (12) (42) (12) (4D) (12) (42) (12) (4D) (12) (42) (12) (4D) (12) (42) (12) (4D) (12) (5368) (A) (4) (12) (17) (F) (14) (17) (F) (273) (A) (4) (12) (17) (F) (14) (17) (F) ]
15:191  0:000   - [Change EHC1 to EH01]: pattern 45484331, patched at: [ (FE9) (8D02) ]
15:191  0:000   - [Change EHC2 to EH02]: pattern 45484332, patched at: [ (A407) ]
15:191  0:000   - [Change SAT1 to SATA]: pattern 53415431, patched at: [ (101B) (766B) (23D7) (16) (A6) (18) (35) (18) (3E) (18) (21F) ]
15:191  0:000   - [Change B0D3 to HDAU]: pattern 42304433, patched at: [ (7C26) ]
15:191  0:000   - [Change PCI0.VID to IGPU #1 (Thinkpad)]: pattern 50434930, patched at: [ (F4D) (3FB7) (11) (667) (D) (D5) (940) (5531) (E5) (A7) (57) (1C) (42F7) (1C8) (2F) (12C) (3E) (13) (36E) (23) (664) (B) ]
15:191  0:000   - [Change PCI0.VID to IGPU #2 (Thinkpad)]: pattern 5649445F, patched at: [ (2D59) ]
15:191  0:000   - [Change Method(_PTS,1,N) to ZPTS]: pattern 5F505453, patched at: [ (F718) ]
15:191  0:000   - [Change Method(_WAK,1,N) to ZWAK]: pattern 5F57414B, patched at: [ (F98A) ]
15:191  0:000   - [Change Method(ESEL,0,S) to ESEZ]: pattern 4553454C, patched at: [ (89C4) ]
15:191  0:000   - [Change Method(_RMV,0,N) to XRMV]: pattern 5F524D56, patched at: [ (867F) ]
15:191  0:000   - [Change Method(GBIF,3,N) to XBIF]: pattern 47424946, patched at: [ (58CB) ]
15:192  0:000   - [Change Method(GBST,4,N) to XBST]: pattern 47425354, patched at: [ (5A34) ]
15:192  0:000   - [Change Method(L1D,0,N) to XL1D]: pattern 5F4C3144, patched at: [ (104EE) ]
15:192  0:000   - [Change Method(_Q15,0,N) to XQ15]: pattern 5F513135, patched at: [ (B599) ]
15:192  0:000   - [Change Method(_Q14,0,N) to XQ14]: pattern 5F513134, patched at: [ (B4AE) ]
15:192  0:000   - [Change Method(_Q6A,0,N) to XQ28]: pattern 5F513641, patched at: [ (669E) ]
15:192  0:000   - [Change Method(_Q16,0,N) to XQ19]: pattern 5F513136, patched at: [ (4EB1) ]
15:192  0:000   - [Change Method(_Q64,0,N) to XQ2A]: pattern 5F513634, patched at: [ (4E27) ]
15:192  0:000   - [Change Method(_Q66,0,N) to XQ66]: pattern 5F513636, patched at: [ (520F) ]
15:192  0:000   - [Change Method(_Q67,0,N) to XQ67]: pattern 5F513637, patched at: [ (5257) ]
15:192  0:000   - [Change Method(_Q68,0,N) to XQ68]: pattern 5F513638, patched at: [ (529F) ]
15:192  0:000   - [Change Method(_Q69,0,N) to XQ69]: pattern 5F513639, patched at: [ (52E7) ]
15:193  0:000   - [Instant Wake Fix 1(_PRW 0x0d, 0x03) to (0x0d, 0x00)]: pattern 1215030A, bin not found / already patched!
15:193  0:000   - [Instant Wake Fix 2(_PRW 0x0d, 0x04) to (0x0d, 0x00)]: pattern 1206020A, patched at: [ (7C58) ]
15:193  0:000    0 replacements
15:193  0:000  found RTC Length not match, Maybe will cause CMOS reset, will patch it.
15:193  0:000  found RTC had IRQNoFlag will move -3 bytes
15:193  0:000  found PIC had IRQNoFlag will move -3 bytes
15:193  0:000  Start HPET Fix
15:194  0:000  Start Mutex Fix
15:194  0:000  Fixing Mutex(MDGS, 7)
15:194  0:000  Fixing Mutex(MCPU, 7)
15:194  0:000  Fixing Mutex(BATM, 7)
15:194  0:000  Fixing Mutex(XDHK, 7)
15:194  0:000  Fixing Mutex(MDGS, 7)
15:194  0:000  Fixing Mutex(MWMI, 7)
15:194  0:000  Fixing Mutex(BFWM, 7)
15:194  0:000  Fixing Mutex(MSMI, 7)
15:194  0:000  PreCleanup XSDT: count=22, length=212
15:194  0:000  PreCleanup XSDT, corrected XSDT: count=22, length=212
15:194  0:000  === [ ACPIPatchedAML ] ====================================
15:194  0:000  AutoMerge pass 1
15:194  0:000  Unsorted
15:194  0:000  Inserting SSDT-T440P.aml from EFI\CLOVER\ACPI\patched: ignore on pass 1
15:194  0:000  === [ ACPIDropTables ] ====================================
15:194  0:000  0. [Change _OSI to XOSI]: pattern 5F4F5349, bin not found / already patched!
15:194  0:000  1. [Change _DSM to XDSM]: pattern 5F44534D, bin not found / already patched!
15:194  0:000  2. [Change XHCI to XHC]: pattern 58484349, bin not found / already patched!
15:194  0:000  3. [Change EHC1 to EH01]: pattern 45484331, bin not found / already patched!
15:194  0:000  4. [Change EHC2 to EH02]: pattern 45484332, bin not found / already patched!
15:194  0:000  5. [Change SAT1 to SATA]: pattern 53415431, bin not found / already patched!
15:194  0:000  6. [Change B0D3 to HDAU]: pattern 42304433, bin not found / already patched!
15:194  0:000  7. [Change PCI0.VID to IGPU #1 (Thinkpad)]: pattern 50434930, bin not found / already patched!
15:194  0:000  8. [Change PCI0.VID to IGPU #2 (Thinkpad)]: pattern 5649445F, bin not found / already patched!
15:194  0:000  9. [Change Method(_PTS,1,N) to ZPTS]: pattern 5F505453, bin not found / already patched!
15:194  0:000  10. [Change Method(_WAK,1,N) to ZWAK]: pattern 5F57414B, bin not found / already patched!
15:194  0:000  11. [Change Method(ESEL,0,S) to ESEZ]: pattern 4553454C, bin not found / already patched!
15:194  0:000  12. [Change Method(_RMV,0,N) to XRMV]: pattern 5F524D56, bin not found / already patched!
15:194  0:000  13. [Change Method(GBIF,3,N) to XBIF]: pattern 47424946, bin not found / already patched!
15:194  0:000  14. [Change Method(GBST,4,N) to XBST]: pattern 47425354, bin not found / already patched!
15:194  0:000  15. [Change Method(L1D,0,N) to XL1D]: pattern 5F4C3144, bin not found / already patched!
15:194  0:000  16. [Change Method(_Q15,0,N) to XQ15]: pattern 5F513135, bin not found / already patched!
15:194  0:000  17. [Change Method(_Q14,0,N) to XQ14]: pattern 5F513134, bin not found / already patched!
15:194  0:000  18. [Change Method(_Q6A,0,N) to XQ28]: pattern 5F513641, bin not found / already patched!
15:194  0:000  19. [Change Method(_Q16,0,N) to XQ19]: pattern 5F513136, bin not found / already patched!
15:194  0:000  20. [Change Method(_Q64,0,N) to XQ2A]: pattern 5F513634, bin not found / already patched!
15:194  0:000  21. [Change Method(_Q66,0,N) to XQ66]: pattern 5F513636, bin not found / already patched!
15:194  0:000  22. [Change Method(_Q67,0,N) to XQ67]: pattern 5F513637, bin not found / already patched!
15:194  0:000  23. [Change Method(_Q68,0,N) to XQ68]: pattern 5F513638, bin not found / already patched!
15:194  0:000  24. [Change Method(_Q69,0,N) to XQ69]: pattern 5F513639, bin not found / already patched!
15:194  0:000  25. [Instant Wake Fix 1(_PRW 0x0d, 0x03) to (0x0d, 0x00)]: pattern 1215030A, bin not found / already patched!
15:194  0:000  26. [Instant Wake Fix 2(_PRW 0x0d, 0x04) to (0x0d, 0x00)]: pattern 1206020A, bin not found / already patched!
15:194  0:000    0 replacements
15:194  0:000  0. [Change _OSI to XOSI]: pattern 5F4F5349, bin not found / already patched!
15:194  0:000  1. [Change _DSM to XDSM]: pattern 5F44534D, bin not found / already patched!
15:194  0:000  2. [Change XHCI to XHC]: pattern 58484349, bin not found / already patched!
15:194  0:000  3. [Change EHC1 to EH01]: pattern 45484331, bin not found / already patched!
15:194  0:000  4. [Change EHC2 to EH02]: pattern 45484332, bin not found / already patched!
15:194  0:000  5. [Change SAT1 to SATA]: pattern 53415431, bin not found / already patched!
15:194  0:000  6. [Change B0D3 to HDAU]: pattern 42304433, bin not found / already patched!
15:194  0:000  7. [Change PCI0.VID to IGPU #1 (Thinkpad)]: pattern 50434930, patched at: [ (29) (3F) (C) (110) (202) (7F) ]
15:194  0:000  8. [Change PCI0.VID to IGPU #2 (Thinkpad)]: pattern 5649445F, bin not found / already patched!
15:194  0:000  9. [Change Method(_PTS,1,N) to ZPTS]: pattern 5F505453, bin not found / already patched!
15:194  0:000  10. [Change Method(_WAK,1,N) to ZWAK]: pattern 5F57414B, bin not found / already patched!
15:194  0:000  11. [Change Method(ESEL,0,S) to ESEZ]: pattern 4553454C, bin not found / already patched!
15:194  0:000  12. [Change Method(_RMV,0,N) to XRMV]: pattern 5F524D56, bin not found / already patched!
15:194  0:000  13. [Change Method(GBIF,3,N) to XBIF]: pattern 47424946, bin not found / already patched!
15:194  0:000  14. [Change Method(GBST,4,N) to XBST]: pattern 47425354, bin not found / already patched!
15:194  0:000  15. [Change Method(L1D,0,N) to XL1D]: pattern 5F4C3144, bin not found / already patched!
15:194  0:000  16. [Change Method(_Q15,0,N) to XQ15]: pattern 5F513135, bin not found / already patched!
15:194  0:000  17. [Change Method(_Q14,0,N) to XQ14]: pattern 5F513134, bin not found / already patched!
15:194  0:000  18. [Change Method(_Q6A,0,N) to XQ28]: pattern 5F513641, bin not found / already patched!
15:194  0:000  19. [Change Method(_Q16,0,N) to XQ19]: pattern 5F513136, bin not found / already patched!
15:194  0:000  20. [Change Method(_Q64,0,N) to XQ2A]: pattern 5F513634, bin not found / already patched!
15:194  0:000  21. [Change Method(_Q66,0,N) to XQ66]: pattern 5F513636, bin not found / already patched!
15:194  0:000  22. [Change Method(_Q67,0,N) to XQ67]: pattern 5F513637, bin not found / already patched!
15:194  0:000  23. [Change Method(_Q68,0,N) to XQ68]: pattern 5F513638, bin not found / already patched!
15:194  0:000  24. [Change Method(_Q69,0,N) to XQ69]: pattern 5F513639, bin not found / already patched!
15:194  0:000  25. [Instant Wake Fix 1(_PRW 0x0d, 0x03) to (0x0d, 0x00)]: pattern 1215030A, bin not found / already patched!
15:194  0:000  26. [Instant Wake Fix 2(_PRW 0x0d, 0x04) to (0x0d, 0x00)]: pattern 1206020A, bin not found / already patched!
15:194  0:000    0 replacements
15:194  0:000  0. [Change _OSI to XOSI]: pattern 5F4F5349, bin not found / already patched!
15:194  0:000  1. [Change _DSM to XDSM]: pattern 5F44534D, patched at: [ (A6C) ]
15:194  0:000  2. [Change XHCI to XHC]: pattern 58484349, bin not found / already patched!
15:194  0:000  3. [Change EHC1 to EH01]: pattern 45484331, bin not found / already patched!
15:194  0:000  4. [Change EHC2 to EH02]: pattern 45484332, bin not found / already patched!
15:194  0:000  5. [Change SAT1 to SATA]: pattern 53415431, patched at: [ (1E) ]
15:194  0:000  6. [Change B0D3 to HDAU]: pattern 42304433, bin not found / already patched!
15:194  0:000  7. [Change PCI0.VID to IGPU #1 (Thinkpad)]: pattern 50434930, bin not found / already patched!
15:194  0:000  8. [Change PCI0.VID to IGPU #2 (Thinkpad)]: pattern 5649445F, bin not found / already patched!
15:194  0:000  9. [Change Method(_PTS,1,N) to ZPTS]: pattern 5F505453, bin not found / already patched!
15:194  0:000  10. [Change Method(_WAK,1,N) to ZWAK]: pattern 5F57414B, bin not found / already patched!
15:194  0:000  11. [Change Method(ESEL,0,S) to ESEZ]: pattern 4553454C, bin not found / already patched!
15:194  0:000  12. [Change Method(_RMV,0,N) to XRMV]: pattern 5F524D56, bin not found / already patched!
15:194  0:000  13. [Change Method(GBIF,3,N) to XBIF]: pattern 47424946, bin not found / already patched!
15:194  0:000  14. [Change Method(GBST,4,N) to XBST]: pattern 47425354, bin not found / already patched!
15:194  0:000  15. [Change Method(L1D,0,N) to XL1D]: pattern 5F4C3144, bin not found / already patched!
15:194  0:000  16. [Change Method(_Q15,0,N) to XQ15]: pattern 5F513135, bin not found / already patched!
15:194  0:000  17. [Change Method(_Q14,0,N) to XQ14]: pattern 5F513134, bin not found / already patched!
15:194  0:000  18. [Change Method(_Q6A,0,N) to XQ28]: pattern 5F513641, bin not found / already patched!
15:194  0:000  19. [Change Method(_Q16,0,N) to XQ19]: pattern 5F513136, bin not found / already patched!
15:194  0:000  20. [Change Method(_Q64,0,N) to XQ2A]: pattern 5F513634, bin not found / already patched!
15:194  0:000  21. [Change Method(_Q66,0,N) to XQ66]: pattern 5F513636, bin not found / already patched!
15:194  0:000  22. [Change Method(_Q67,0,N) to XQ67]: pattern 5F513637, bin not found / already patched!
15:194  0:000  23. [Change Method(_Q68,0,N) to XQ68]: pattern 5F513638, bin not found / already patched!
15:194  0:000  24. [Change Method(_Q69,0,N) to XQ69]: pattern 5F513639, bin not found / already patched!
15:194  0:000  25. [Instant Wake Fix 1(_PRW 0x0d, 0x03) to (0x0d, 0x00)]: pattern 1215030A, bin not found / already patched!
15:194  0:000  26. [Instant Wake Fix 2(_PRW 0x0d, 0x04) to (0x0d, 0x00)]: pattern 1206020A, bin not found / already patched!
15:194  0:000    0 replacements
15:194  0:000  0. [Change _OSI to XOSI]: pattern 5F4F5349, bin not found / already patched!
15:194  0:000  1. [Change _DSM to XDSM]: pattern 5F44534D, bin not found / already patched!
15:194  0:000  2. [Change XHCI to XHC]: pattern 58484349, bin not found / already patched!
15:194  0:000  3. [Change EHC1 to EH01]: pattern 45484331, bin not found / already patched!
15:194  0:000  4. [Change EHC2 to EH02]: pattern 45484332, bin not found / already patched!
15:194  0:000  5. [Change SAT1 to SATA]: pattern 53415431, bin not found / already patched!
15:194  0:000  6. [Change B0D3 to HDAU]: pattern 42304433, bin not found / already patched!
15:194  0:000  7. [Change PCI0.VID to IGPU #1 (Thinkpad)]: pattern 50434930, bin not found / already patched!
15:194  0:000  8. [Change PCI0.VID to IGPU #2 (Thinkpad)]: pattern 5649445F, bin not found / already patched!
15:194  0:000  9. [Change Method(_PTS,1,N) to ZPTS]: pattern 5F505453, bin not found / already patched!
15:194  0:000  10. [Change Method(_WAK,1,N) to ZWAK]: pattern 5F57414B, bin not found / already patched!
15:194  0:000  11. [Change Method(ESEL,0,S) to ESEZ]: pattern 4553454C, bin not found / already patched!
15:194  0:000  12. [Change Method(_RMV,0,N) to XRMV]: pattern 5F524D56, bin not found / already patched!
15:194  0:000  13. [Change Method(GBIF,3,N) to XBIF]: pattern 47424946, bin not found / already patched!
15:194  0:000  14. [Change Method(GBST,4,N) to XBST]: pattern 47425354, bin not found / already patched!
15:194  0:000  15. [Change Method(L1D,0,N) to XL1D]: pattern 5F4C3144, bin not found / already patched!
15:194  0:000  16. [Change Method(_Q15,0,N) to XQ15]: pattern 5F513135, bin not found / already patched!
15:194  0:000  17. [Change Method(_Q14,0,N) to XQ14]: pattern 5F513134, bin not found / already patched!
15:194  0:000  18. [Change Method(_Q6A,0,N) to XQ28]: pattern 5F513641, bin not found / already patched!
15:194  0:000  19. [Change Method(_Q16,0,N) to XQ19]: pattern 5F513136, bin not found / already patched!
15:194  0:000  20. [Change Method(_Q64,0,N) to XQ2A]: pattern 5F513634, bin not found / already patched!
15:194  0:000  21. [Change Method(_Q66,0,N) to XQ66]: pattern 5F513636, bin not found / already patched!
15:194  0:000  22. [Change Method(_Q67,0,N) to XQ67]: pattern 5F513637, bin not found / already patched!
15:194  0:000  23. [Change Method(_Q68,0,N) to XQ68]: pattern 5F513638, bin not found / already patched!
15:194  0:000  24. [Change Method(_Q69,0,N) to XQ69]: pattern 5F513639, bin not found / already patched!
15:194  0:000  25. [Instant Wake Fix 1(_PRW 0x0d, 0x03) to (0x0d, 0x00)]: pattern 1215030A, bin not found / already patched!
15:194  0:000  26. [Instant Wake Fix 2(_PRW 0x0d, 0x04) to (0x0d, 0x00)]: pattern 1206020A, bin not found / already patched!
15:194  0:000    0 replacements
15:194  0:000  0. [Change _OSI to XOSI]: pattern 5F4F5349, bin not found / already patched!
15:194  0:000  1. [Change _DSM to XDSM]: pattern 5F44534D, bin not found / already patched!
15:194  0:000  2. [Change XHCI to XHC]: pattern 58484349, bin not found / already patched!
15:194  0:000  3. [Change EHC1 to EH01]: pattern 45484331, bin not found / already patched!
15:194  0:000  4. [Change EHC2 to EH02]: pattern 45484332, bin not found / already patched!
15:194  0:000  5. [Change SAT1 to SATA]: pattern 53415431, bin not found / already patched!
15:194  0:000  6. [Change B0D3 to HDAU]: pattern 42304433, bin not found / already patched!
15:194  0:000  7. [Change PCI0.VID to IGPU #1 (Thinkpad)]: pattern 50434930, bin not found / already patched!
15:194  0:000  8. [Change PCI0.VID to IGPU #2 (Thinkpad)]: pattern 5649445F, bin not found / already patched!
15:194  0:000  9. [Change Method(_PTS,1,N) to ZPTS]: pattern 5F505453, bin not found / already patched!
15:194  0:000  10. [Change Method(_WAK,1,N) to ZWAK]: pattern 5F57414B, bin not found / already patched!
15:194  0:000  11. [Change Method(ESEL,0,S) to ESEZ]: pattern 4553454C, bin not found / already patched!
15:194  0:000  12. [Change Method(_RMV,0,N) to XRMV]: pattern 5F524D56, bin not found / already patched!
15:194  0:000  13. [Change Method(GBIF,3,N) to XBIF]: pattern 47424946, bin not found / already patched!
15:194  0:000  14. [Change Method(GBST,4,N) to XBST]: pattern 47425354, bin not found / already patched!
15:194  0:000  15. [Change Method(L1D,0,N) to XL1D]: pattern 5F4C3144, bin not found / already patched!
15:194  0:000  16. [Change Method(_Q15,0,N) to XQ15]: pattern 5F513135, bin not found / already patched!
15:194  0:000  17. [Change Method(_Q14,0,N) to XQ14]: pattern 5F513134, bin not found / already patched!
15:194  0:000  18. [Change Method(_Q6A,0,N) to XQ28]: pattern 5F513641, bin not found / already patched!
15:194  0:000  19. [Change Method(_Q16,0,N) to XQ19]: pattern 5F513136, bin not found / already patched!
15:194  0:000  20. [Change Method(_Q64,0,N) to XQ2A]: pattern 5F513634, bin not found / already patched!
15:194  0:000  21. [Change Method(_Q66,0,N) to XQ66]: pattern 5F513636, bin not found / already patched!
15:194  0:000  22. [Change Method(_Q67,0,N) to XQ67]: pattern 5F513637, bin not found / already patched!
15:194  0:000  23. [Change Method(_Q68,0,N) to XQ68]: pattern 5F513638, bin not found / already patched!
15:194  0:000  24. [Change Method(_Q69,0,N) to XQ69]: pattern 5F513639, bin not found / already patched!
15:194  0:000  25. [Instant Wake Fix 1(_PRW 0x0d, 0x03) to (0x0d, 0x00)]: pattern 1215030A, bin not found / already patched!
15:194  0:000  26. [Instant Wake Fix 2(_PRW 0x0d, 0x04) to (0x0d, 0x00)]: pattern 1206020A, bin not found / already patched!
15:194  0:000    0 replacements
15:194  0:000  Found OperationRegion(PPMT, SystemMemory, BCD79F98, ...)
15:195  0:000  0. [Change _OSI to XOSI]: pattern 5F4F5349, bin not found / already patched!
15:195  0:000  1. [Change _DSM to XDSM]: pattern 5F44534D, bin not found / already patched!
15:195  0:000  2. [Change XHCI to XHC]: pattern 58484349, bin not found / already patched!
15:195  0:000  3. [Change EHC1 to EH01]: pattern 45484331, bin not found / already patched!
15:195  0:000  4. [Change EHC2 to EH02]: pattern 45484332, bin not found / already patched!
15:195  0:000  5. [Change SAT1 to SATA]: pattern 53415431, bin not found / already patched!
15:195  0:000  6. [Change B0D3 to HDAU]: pattern 42304433, patched at: [ (222) (D95) (10) (F) (F) (F) (F) ]
15:195  0:000  7. [Change PCI0.VID to IGPU #1 (Thinkpad)]: pattern 50434930, patched at: [ (747) (9BD) (9) ]
15:195  0:000  8. [Change PCI0.VID to IGPU #2 (Thinkpad)]: pattern 5649445F, bin not found / already patched!
15:195  0:000  9. [Change Method(_PTS,1,N) to ZPTS]: pattern 5F505453, bin not found / already patched!
15:195  0:000  10. [Change Method(_WAK,1,N) to ZWAK]: pattern 5F57414B, bin not found / already patched!
15:195  0:000  11. [Change Method(ESEL,0,S) to ESEZ]: pattern 4553454C, bin not found / already patched!
15:195  0:000  12. [Change Method(_RMV,0,N) to XRMV]: pattern 5F524D56, bin not found / already patched!
15:195  0:000  13. [Change Method(GBIF,3,N) to XBIF]: pattern 47424946, bin not found / already patched!
15:195  0:000  14. [Change Method(GBST,4,N) to XBST]: pattern 47425354, bin not found / already patched!
15:195  0:000  15. [Change Method(L1D,0,N) to XL1D]: pattern 5F4C3144, bin not found / already patched!
15:195  0:000  16. [Change Method(_Q15,0,N) to XQ15]: pattern 5F513135, bin not found / already patched!
15:195  0:000  17. [Change Method(_Q14,0,N) to XQ14]: pattern 5F513134, bin not found / already patched!
15:195  0:000  18. [Change Method(_Q6A,0,N) to XQ28]: pattern 5F513641, bin not found / already patched!
15:195  0:000  19. [Change Method(_Q16,0,N) to XQ19]: pattern 5F513136, bin not found / already patched!
15:195  0:000  20. [Change Method(_Q64,0,N) to XQ2A]: pattern 5F513634, bin not found / already patched!
15:195  0:000  21. [Change Method(_Q66,0,N) to XQ66]: pattern 5F513636, bin not found / already patched!
15:195  0:000  22. [Change Method(_Q67,0,N) to XQ67]: pattern 5F513637, bin not found / already patched!
15:195  0:000  23. [Change Method(_Q68,0,N) to XQ68]: pattern 5F513638, bin not found / already patched!
15:195  0:000  24. [Change Method(_Q69,0,N) to XQ69]: pattern 5F513639, bin not found / already patched!
15:195  0:000  25. [Instant Wake Fix 1(_PRW 0x0d, 0x03) to (0x0d, 0x00)]: pattern 1215030A, bin not found / already patched!
15:195  0:000  26. [Instant Wake Fix 2(_PRW 0x0d, 0x04) to (0x0d, 0x00)]: pattern 1206020A, bin not found / already patched!
15:195  0:000    0 replacements
15:195  0:000  Found OperationRegion(SANV, SystemMemory, BCD78D98, ...)
15:195  0:000  Found OperationRegion(CCDC, SystemMemory, 80000000, ...)
15:195  0:000  0. [Change _OSI to XOSI]: pattern 5F4F5349, patched at: [ (C2) ]
15:195  0:000  1. [Change _DSM to XDSM]: pattern 5F44534D, bin not found / already patched!
15:195  0:000  2. [Change XHCI to XHC]: pattern 58484349, bin not found / already patched!
15:195  0:000  3. [Change EHC1 to EH01]: pattern 45484331, bin not found / already patched!
15:195  0:000  4. [Change EHC2 to EH02]: pattern 45484332, bin not found / already patched!
15:195  0:000  5. [Change SAT1 to SATA]: pattern 53415431, bin not found / already patched!
15:195  0:000  6. [Change B0D3 to HDAU]: pattern 42304433, bin not found / already patched!
15:195  0:000  7. [Change PCI0.VID to IGPU #1 (Thinkpad)]: pattern 50434930, bin not found / already patched!
15:195  0:000  8. [Change PCI0.VID to IGPU #2 (Thinkpad)]: pattern 5649445F, bin not found / already patched!
15:195  0:000  9. [Change Method(_PTS,1,N) to ZPTS]: pattern 5F505453, bin not found / already patched!
15:195  0:000  10. [Change Method(_WAK,1,N) to ZWAK]: pattern 5F57414B, bin not found / already patched!
15:195  0:000  11. [Change Method(ESEL,0,S) to ESEZ]: pattern 4553454C, bin not found / already patched!
15:195  0:000  12. [Change Method(_RMV,0,N) to XRMV]: pattern 5F524D56, bin not found / already patched!
15:195  0:000  13. [Change Method(GBIF,3,N) to XBIF]: pattern 47424946, bin not found / already patched!
15:195  0:000  14. [Change Method(GBST,4,N) to XBST]: pattern 47425354, bin not found / already patched!
15:195  0:000  15. [Change Method(L1D,0,N) to XL1D]: pattern 5F4C3144, bin not found / already patched!
15:195  0:000  16. [Change Method(_Q15,0,N) to XQ15]: pattern 5F513135, bin not found / already patched!
15:195  0:000  17. [Change Method(_Q14,0,N) to XQ14]: pattern 5F513134, bin not found / already patched!
15:195  0:000  18. [Change Method(_Q6A,0,N) to XQ28]: pattern 5F513641, bin not found / already patched!
15:195  0:000  19. [Change Method(_Q16,0,N) to XQ19]: pattern 5F513136, bin not found / already patched!
15:195  0:000  20. [Change Method(_Q64,0,N) to XQ2A]: pattern 5F513634, bin not found / already patched!
15:195  0:000  21. [Change Method(_Q66,0,N) to XQ66]: pattern 5F513636, bin not found / already patched!
15:195  0:000  22. [Change Method(_Q67,0,N) to XQ67]: pattern 5F513637, bin not found / already patched!
15:195  0:000  23. [Change Method(_Q68,0,N) to XQ68]: pattern 5F513638, bin not found / already patched!
15:195  0:000  24. [Change Method(_Q69,0,N) to XQ69]: pattern 5F513639, bin not found / already patched!
15:195  0:000  25. [Instant Wake Fix 1(_PRW 0x0d, 0x03) to (0x0d, 0x00)]: pattern 1215030A, bin not found / already patched!
15:195  0:000  26. [Instant Wake Fix 2(_PRW 0x0d, 0x04) to (0x0d, 0x00)]: pattern 1206020A, bin not found / already patched!
15:195  0:000    0 replacements
15:195  0:000  0. [Change _OSI to XOSI]: pattern 5F4F5349, bin not found / already patched!
15:195  0:000  1. [Change _DSM to XDSM]: pattern 5F44534D, bin not found / already patched!
15:195  0:000  2. [Change XHCI to XHC]: pattern 58484349, bin not found / already patched!
15:195  0:000  3. [Change EHC1 to EH01]: pattern 45484331, bin not found / already patched!
15:195  0:000  4. [Change EHC2 to EH02]: pattern 45484332, bin not found / already patched!
15:195  0:000  5. [Change SAT1 to SATA]: pattern 53415431, bin not found / already patched!
15:195  0:000  6. [Change B0D3 to HDAU]: pattern 42304433, bin not found / already patched!
15:195  0:000  7. [Change PCI0.VID to IGPU #1 (Thinkpad)]: pattern 50434930, bin not found / already patched!
15:195  0:000  8. [Change PCI0.VID to IGPU #2 (Thinkpad)]: pattern 5649445F, bin not found / already patched!
15:195  0:000  9. [Change Method(_PTS,1,N) to ZPTS]: pattern 5F505453, bin not found / already patched!
15:195  0:000  10. [Change Method(_WAK,1,N) to ZWAK]: pattern 5F57414B, bin not found / already patched!
15:195  0:000  11. [Change Method(ESEL,0,S) to ESEZ]: pattern 4553454C, bin not found / already patched!
15:195  0:000  12. [Change Method(_RMV,0,N) to XRMV]: pattern 5F524D56, bin not found / already patched!
15:195  0:000  13. [Change Method(GBIF,3,N) to XBIF]: pattern 47424946, bin not found / already patched!
15:195  0:000  14. [Change Method(GBST,4,N) to XBST]: pattern 47425354, bin not found / already patched!
15:195  0:000  15. [Change Method(L1D,0,N) to XL1D]: pattern 5F4C3144, bin not found / already patched!
15:195  0:000  16. [Change Method(_Q15,0,N) to XQ15]: pattern 5F513135, bin not found / already patched!
15:195  0:000  17. [Change Method(_Q14,0,N) to XQ14]: pattern 5F513134, bin not found / already patched!
15:195  0:000  18. [Change Method(_Q6A,0,N) to XQ28]: pattern 5F513641, bin not found / already patched!
15:195  0:000  19. [Change Method(_Q16,0,N) to XQ19]: pattern 5F513136, bin not found / already patched!
15:195  0:000  20. [Change Method(_Q64,0,N) to XQ2A]: pattern 5F513634, bin not found / already patched!
15:195  0:000  21. [Change Method(_Q66,0,N) to XQ66]: pattern 5F513636, bin not found / already patched!
15:195  0:000  22. [Change Method(_Q67,0,N) to XQ67]: pattern 5F513637, bin not found / already patched!
15:195  0:000  23. [Change Method(_Q68,0,N) to XQ68]: pattern 5F513638, bin not found / already patched!
15:195  0:000  24. [Change Method(_Q69,0,N) to XQ69]: pattern 5F513639, bin not found / already patched!
15:195  0:000  25. [Instant Wake Fix 1(_PRW 0x0d, 0x03) to (0x0d, 0x00)]: pattern 1215030A, bin not found / already patched!
15:195  0:000  26. [Instant Wake Fix 2(_PRW 0x0d, 0x04) to (0x0d, 0x00)]: pattern 1206020A, bin not found / already patched!
15:195  0:000    0 replacements
15:195  0:000  === [ ACPIPatchedAML ] ====================================
15:195  0:000  AutoMerge pass 2
15:195  0:000  Unsorted
15:195  0:000  Inserting SSDT-T440P.aml from EFI\CLOVER\ACPI\patched: size=8443 ... Success
15:195  0:000  CPUBase=0 and ApicCPUBase=1 ApicCPUNum=8
15:195  0:000  Maximum control=0x19
15:195  0:000  Turbo control=0x23
15:195  0:000  P-States: min 0x8, max 0x23
15:195  0:000  SSDT with plugin-type without P-States is generated
15:195  0:000  Cleanup XSDT: count=24, length=228
15:195  0:000  corrected XSDT count=24, length=228
15:195  0:000  === [ RestSetup macOS ] ===================================
15:195  0:000  --- Custom EDID Table size:128
15:195  0:000  000  |  00  FF  FF  FF  FF  FF  FF  00  30  E4
15:195  0:000  010  |  0A  04  00  00  00  00  00  17  01  04
15:195  0:000  020  |  95  1F  11  78  EA  DC  95  A3  58  55
15:195  0:000  030  |  A0  26  0D  50  54  00  00  00  01  01
15:195  0:000  040  |  01  01  01  01  01  01  01  01  01  01
15:195  0:000  050  |  01  01  01  01  BA  36  80  AC  70  38
15:195  0:000  060  |  24  40  3C  24  35  00  35  AF  10  00
15:195  0:000  070  |  00  1A  00  00  00  00  00  00  00  00
15:195  0:000  080  |  00  00  00  00  00  00  00  00  00  00
15:195  0:000  090  |  00  00  00  FE  00  4C  47  20  44  69
15:195  0:000  100  |  73  70  6C  61  79  0A  20  20  00  00
15:195  0:000  110  |  00  FE  00  4C  50  31  34  30  57  46
15:195  0:000  120  |  31  2D  53  50  4B  31  00  74
15:195  0:000      ProductID = 0x040A changed to 0x1034
15:195  0:000      HorizontalSyncPulseWidth = 0x24 changed to 0x64
15:195  0:000  --- Patched EDID Table size:128
15:195  0:000  000  |  00  FF  FF  FF  FF  FF  FF  00  30  E4
15:195  0:000  010  |  34  10  00  00  00  00  00  17  01  04
15:195  0:000  020  |  95  1F  11  78  EA  DC  95  A3  58  55
15:195  0:000  030  |  A0  26  0D  50  54  00  00  00  01  01
15:195  0:000  040  |  01  01  01  01  01  01  01  01  01  01
15:195  0:000  050  |  01  01  01  01  BA  36  80  AC  70  38
15:195  0:000  060  |  24  40  3C  64  35  00  35  AF  10  00
15:195  0:000  070  |  00  1A  00  00  00  00  00  00  00  00
15:195  0:000  080  |  00  00  00  00  00  00  00  00  00  00
15:195  0:000  090  |  00  00  00  FE  00  4C  47  20  44  69
15:195  0:000  100  |  73  70  6C  61  79  0A  20  20  00  00
15:195  0:000  110  |  00  FE  00  4C  50  31  34  30  57  46
15:195  0:000  120  |  31  2D  53  50  4B  31  00  FE
15:196  0:000  Intel HD Graphics 4600 [8086:0416] :: PciRoot(0x0)\Pci(0x2,0x0)
15:196  0:000    Additional Intel GFX properties injected, continue
15:196  0:000    FakeID Intel GFX = 0x04128086
15:196  0:000    ig-platform-id = 0x0A260006
15:196  0:000  Intel GFX revision  = 0x6
15:196  0:000  NVidia GFX injection not set
15:196  0:000  stringlength = 2944
15:196  0:000  CurrentMode: Width=1920 Height=1080
15:196  0:000  Beginning FSInjection
FSInjectionInstall ...
- Our FSI_SIMPLE_FILE_SYSTEM_PROTOCOL installed on handle: B26EC318
FSInjectionInstall ...
- Our FSI_SIMPLE_FILE_SYSTEM_PROTOCOL installed on handle: B26EC318
15:203  0:007  Use origin smbios table type 1 guid.
15:209  0:006    Force kext: System\Library\Extensions\IONetworkingFamily.kext
15:224  0:014      Force PlugIn kext: System\Library\Extensions\IONetworkingFamily.kext\Contents\PlugIns\nvenet.kext
15:230  0:005      Force PlugIn kext: System\Library\Extensions\IONetworkingFamily.kext\Contents\PlugIns\AppleEthernetAquantiaAqtion.kext
15:235  0:005      Force PlugIn kext: System\Library\Extensions\IONetworkingFamily.kext\Contents\PlugIns\AppleBCM5701Ethernet.kext
15:242  0:006      Force PlugIn kext: System\Library\Extensions\IONetworkingFamily.kext\Contents\PlugIns\AppleIntelI210Ethernet.kext
15:247  0:005      Force PlugIn kext: System\Library\Extensions\IONetworkingFamily.kext\Contents\PlugIns\Intel82574L.kext
15:252  0:005      Force PlugIn kext: System\Library\Extensions\IONetworkingFamily.kext\Contents\PlugIns\IOEthernetAVBController.kext
15:257  0:004      Force PlugIn kext: System\Library\Extensions\IONetworkingFamily.kext\Contents\PlugIns\AppleYukon2.kext
15:264  0:006      Force PlugIn kext: System\Library\Extensions\IONetworkingFamily.kext\Contents\PlugIns\AppleEthernetAquantiaAqtionFirmware.kext
15:271  0:007      Force PlugIn kext: System\Library\Extensions\IONetworkingFamily.kext\Contents\PlugIns\AppleIntel8254XEthernet.kext
15:276  0:004      Force PlugIn kext: System\Library\Extensions\IONetworkingFamily.kext\Contents\PlugIns\AppleVmxnet3Ethernet.kext
15:280  0:004      Force PlugIn kext: System\Library\Extensions\IONetworkingFamily.kext\Contents\PlugIns\mDNSOffloadUserClient.kext
15:285  0:004  Preparing kexts injection for arch=x86_64 from EFI\CLOVER\kexts\Other
15:285  0:000  Extra kext: EFI\CLOVER\kexts\Other\USBInjectAll.kext (v.0.7.1)
15:311  0:026  Extra kext: EFI\CLOVER\kexts\Other\VoodooPS2Controller.kext (v.1.9.2)
15:313  0:001    |-- PlugIn kext: EFI\CLOVER\kexts\Other\VoodooPS2Controller.kext\Contents\PlugIns\VoodooPS2Mouse.kext (v.1.9.2)
15:314  0:001    |-- PlugIn kext: EFI\CLOVER\kexts\Other\VoodooPS2Controller.kext\Contents\PlugIns\VoodooPS2Keyboard.kext (v.1.9.2)
15:318  0:003    |-- PlugIn kext: EFI\CLOVER\kexts\Other\VoodooPS2Controller.kext\Contents\PlugIns\VoodooPS2Trackpad.kext (v.1.9.2)
15:321  0:002  Extra kext: EFI\CLOVER\kexts\Other\IntelMausiEthernet.kext (v.2.4.1d1)
15:322  0:001  Extra kext: EFI\CLOVER\kexts\Other\FakeSMC.kext (v.1800)
15:324  0:002  Extra kext: EFI\CLOVER\kexts\Other\ACPIBatteryManager.kext (v.1.90.1)
15:325  0:001  Preparing kexts injection for arch=x86_64 from EFI\CLOVER\kexts\10.14
15:331  0:006  SetScreenResolution: 1920x1080 - already set
15:331  0:000  Custom boot is disabled
15:332  0:001  Closing log
